TN:
SF:src/app.ts
FN:46,(anonymous_1)
FN:56,(anonymous_2)
FNF:2
FNH:1
FNDA:72,(anonymous_1)
FNDA:0,(anonymous_2)
DA:1,3
DA:2,3
DA:3,3
DA:4,3
DA:5,3
DA:6,3
DA:7,3
DA:8,3
DA:11,3
DA:12,3
DA:13,3
DA:14,3
DA:15,3
DA:16,3
DA:17,3
DA:19,3
DA:22,3
DA:23,3
DA:31,3
DA:38,3
DA:41,3
DA:42,0
DA:44,3
DA:46,72
DA:52,3
DA:53,3
DA:56,3
DA:57,0
DA:66,3
DA:67,3
DA:68,3
DA:69,3
DA:70,3
DA:71,3
DA:72,3
DA:73,3
DA:75,3
DA:78,3
DA:79,3
DA:81,3
LF:40
LH:38
BRDA:41,0,0,0
BRDA:41,0,1,3
BRF:2
BRH:1
end_of_record
TN:
SF:src/config/database.ts
FN:14,(anonymous_1)
FN:21,(anonymous_2)
FNF:2
FNH:0
FNDA:0,(anonymous_1)
FNDA:0,(anonymous_2)
DA:1,3
DA:2,3
DA:4,3
DA:13,3
DA:14,0
DA:15,0
DA:16,0
DA:21,3
DA:22,0
DA:23,0
DA:26,3
LF:11
LH:6
BRDA:13,0,0,0
BRF:1
BRH:0
end_of_record
TN:
SF:src/config/env.ts
FNF:0
FNH:0
DA:1,3
DA:2,3
DA:3,3
DA:5,3
DA:7,3
DA:26,3
DA:27,3
DA:28,3
DA:30,0
DA:31,0
DA:32,0
DA:34,0
DA:37,3
DA:66,3
LF:14
LH:10
BRDA:30,0,0,0
BRF:1
BRH:0
end_of_record
TN:
SF:src/config/logger.ts
FN:20,(anonymous_1)
FNF:1
FNH:1
FNDA:132,(anonymous_1)
DA:1,3
DA:3,3
DA:5,3
DA:21,132
DA:34,3
LF:5
LH:5
BRDA:3,0,0,3
BRDA:3,0,1,3
BRDA:22,1,0,132
BRDA:22,1,1,0
BRF:4
BRH:3
end_of_record
TN:
SF:src/config/swagger.ts
FNF:0
FNH:0
DA:1,0
LF:1
LH:0
BRF:0
BRH:0
end_of_record
TN:
SF:src/controllers/auth.controller.ts
FN:6,(anonymous_1)
FN:32,(anonymous_2)
FN:53,(anonymous_3)
FN:76,(anonymous_4)
FN:100,(anonymous_5)
FNF:5
FNH:5
FNDA:32,(anonymous_1)
FNDA:3,(anonymous_2)
FNDA:3,(anonymous_3)
FNDA:1,(anonymous_4)
FNDA:1,(anonymous_5)
DA:2,3
DA:3,3
DA:5,3
DA:7,32
DA:8,32
DA:10,32
DA:17,31
DA:19,31
DA:28,1
DA:33,3
DA:34,3
DA:36,3
DA:38,1
DA:40,1
DA:49,2
DA:54,3
DA:55,3
DA:57,3
DA:58,0
DA:64,3
DA:66,1
DA:72,2
DA:77,1
DA:78,1
DA:80,1
DA:81,0
DA:87,1
DA:89,1
DA:91,1
DA:96,0
DA:101,1
DA:103,1
DA:108,0
DA:113,3
LF:34
LH:30
BRDA:57,0,0,0
BRDA:80,1,0,0
BRF:2
BRH:0
end_of_record
TN:
SF:src/controllers/deal.controller.ts
FN:6,(anonymous_1)
FN:38,(anonymous_2)
FN:52,(anonymous_3)
FN:68,(anonymous_4)
FN:85,(anonymous_5)
FN:101,(anonymous_6)
FN:114,(anonymous_7)
FN:127,(anonymous_8)
FNF:8
FNH:6
FNDA:6,(anonymous_1)
FNDA:2,(anonymous_2)
FNDA:1,(anonymous_3)
FNDA:0,(anonymous_4)
FNDA:0,(anonymous_5)
FNDA:1,(anonymous_6)
FNDA:1,(anonymous_7)
FNDA:1,(anonymous_8)
DA:2,3
DA:3,3
DA:5,3
DA:7,6
DA:8,6
DA:17,6
DA:22,6
DA:27,6
DA:29,6
DA:34,0
DA:39,2
DA:40,2
DA:41,2
DA:43,1
DA:48,1
DA:53,1
DA:54,1
DA:56,1
DA:58,1
DA:64,0
DA:69,0
DA:70,0
DA:71,0
DA:73,0
DA:75,0
DA:81,0
DA:86,0
DA:87,0
DA:88,0
DA:90,0
DA:92,0
DA:97,0
DA:102,1
DA:103,1
DA:105,1
DA:110,0
DA:115,1
DA:116,1
DA:118,1
DA:123,0
DA:128,1
DA:129,1
DA:131,1
DA:136,0
DA:141,3
LF:45
LH:28
BRDA:11,0,0,0
BRDA:11,0,1,6
BRDA:12,1,0,0
BRDA:12,1,1,6
BRDA:23,2,0,1
BRDA:23,2,1,5
BRDA:24,3,0,1
BRDA:24,3,1,5
BRF:8
BRH:6
end_of_record
TN:
SF:src/controllers/tmv.controller.ts
FN:5,(anonymous_1)
FNF:1
FNH:0
FNDA:0,(anonymous_1)
DA:2,3
DA:4,3
DA:6,0
DA:7,0
DA:8,0
DA:13,0
DA:18,3
LF:7
LH:3
BRF:0
BRH:0
end_of_record
TN:
SF:src/controllers/watchlist.controller.ts
FN:7,(anonymous_1)
FN:21,(anonymous_2)
FN:40,(anonymous_3)
FN:58,(anonymous_4)
FNF:4
FNH:4
FNDA:2,(anonymous_1)
FNDA:7,(anonymous_2)
FNDA:2,(anonymous_3)
FNDA:1,(anonymous_4)
DA:3,3
DA:4,3
DA:6,3
DA:8,2
DA:9,2
DA:10,2
DA:12,2
DA:17,0
DA:22,7
DA:23,7
DA:24,7
DA:26,7
DA:28,5
DA:30,5
DA:36,2
DA:41,2
DA:42,2
DA:43,2
DA:45,2
DA:47,1
DA:49,1
DA:54,1
DA:59,1
DA:60,1
DA:61,1
DA:62,1
DA:64,1
DA:66,1
DA:72,0
DA:77,3
LF:30
LH:28
BRF:0
BRH:0
end_of_record
TN:
SF:src/middleware/auth.ts
FN:15,(anonymous_1)
FN:67,(anonymous_2)
FN:68,(anonymous_3)
FNF:3
FNH:3
FNDA:20,(anonymous_1)
FNDA:9,(anonymous_2)
FNDA:3,(anonymous_3)
DA:2,3
DA:3,3
DA:4,3
DA:5,3
DA:15,3
DA:20,20
DA:21,20
DA:23,20
DA:24,3
DA:27,17
DA:29,17
DA:30,17
DA:37,16
DA:42,16
DA:43,0
DA:46,16
DA:52,16
DA:54,1
DA:55,1
DA:57,0
DA:58,0
DA:60,0
DA:63,4
DA:67,3
DA:68,9
DA:69,3
DA:70,0
DA:73,3
DA:74,1
DA:77,2
LF:30
LH:25
BRDA:23,0,0,3
BRDA:23,1,0,20
BRDA:23,1,1,17
BRDA:42,2,0,0
BRDA:42,3,0,16
BRDA:42,3,1,16
BRDA:54,4,0,1
BRDA:57,5,0,0
BRDA:69,6,0,0
BRDA:73,7,0,1
BRF:10
BRH:7
end_of_record
TN:
SF:src/middleware/errorHandler.ts
FN:8,(anonymous_1)
FN:16,(anonymous_2)
FN:51,(anonymous_3)
FNF:3
FNH:2
FNDA:17,(anonymous_1)
FNDA:17,(anonymous_2)
FNDA:0,(anonymous_3)
DA:2,3
DA:4,3
DA:9,17
DA:10,17
DA:11,17
DA:12,17
DA:16,3
DA:22,17
DA:23,17
DA:25,17
DA:35,0
DA:39,0
DA:51,3
DA:52,0
LF:14
LH:11
BRDA:8,0,0,0
BRDA:22,1,0,17
BRDA:29,2,0,17
BRDA:29,2,1,0
BRDA:43,3,0,0
BRDA:43,3,1,0
BRF:6
BRH:2
end_of_record
TN:
SF:src/middleware/validation.ts
FN:5,(anonymous_0)
FN:6,(anonymous_1)
FN:8,(anonymous_2)
FN:15,(anonymous_3)
FNF:4
FNH:4
FNDA:36,(anonymous_0)
FNDA:55,(anonymous_1)
FNDA:177,(anonymous_2)
FNDA:8,(anonymous_3)
DA:2,3
DA:3,3
DA:5,3
DA:6,36
DA:8,177
DA:10,55
DA:11,55
DA:12,52
DA:15,8
DA:20,3
LF:10
LH:10
BRDA:11,0,0,52
BRDA:16,1,0,8
BRDA:16,1,1,0
BRF:3
BRH:2
end_of_record
TN:
SF:src/routes/alert.routes.ts
FN:10,(anonymous_0)
FNF:1
FNH:0
FNDA:0,(anonymous_0)
DA:1,3
DA:2,3
DA:4,3
DA:7,3
DA:10,3
DA:11,0
DA:14,3
LF:7
LH:6
BRF:0
BRH:0
end_of_record
TN:
SF:src/routes/auth.routes.ts
FNF:0
FNH:0
DA:1,3
DA:2,3
DA:3,3
DA:4,3
DA:5,3
DA:7,3
DA:10,3
DA:21,3
DA:26,3
DA:31,3
DA:32,3
DA:33,3
DA:34,3
DA:35,3
DA:37,3
LF:15
LH:15
BRF:0
BRH:0
end_of_record
TN:
SF:src/routes/deal.routes.ts
FNF:0
FNH:0
DA:1,3
DA:2,3
DA:3,3
DA:4,3
DA:5,3
DA:7,3
DA:10,3
DA:19,3
DA:26,3
DA:31,3
DA:32,3
DA:33,3
DA:34,3
DA:35,3
DA:38,3
DA:46,3
DA:54,3
DA:62,3
LF:18
LH:18
BRF:0
BRH:0
end_of_record
TN:
SF:src/routes/portfolio.routes.ts
FN:10,(anonymous_0)
FNF:1
FNH:0
FNDA:0,(anonymous_0)
DA:1,3
DA:2,3
DA:4,3
DA:7,3
DA:10,3
DA:11,0
DA:14,3
LF:7
LH:6
BRF:0
BRH:0
end_of_record
TN:
SF:src/routes/tmv.routes.ts
FNF:0
FNH:0
DA:1,3
DA:2,3
DA:3,3
DA:4,3
DA:6,3
DA:8,3
DA:33,3
DA:35,3
LF:8
LH:8
BRF:0
BRH:0
end_of_record
TN:
SF:src/routes/user.routes.ts
FN:10,(anonymous_0)
FNF:1
FNH:0
FNDA:0,(anonymous_0)
DA:1,3
DA:2,3
DA:4,3
DA:7,3
DA:10,3
DA:11,0
DA:14,3
LF:7
LH:6
BRF:0
BRH:0
end_of_record
TN:
SF:src/routes/watchlist.routes.ts
FNF:0
FNH:0
DA:1,3
DA:2,3
DA:3,3
DA:4,3
DA:5,3
DA:7,3
DA:10,3
DA:12,3
DA:17,3
DA:21,3
DA:22,3
DA:23,3
DA:24,3
DA:26,3
LF:14
LH:14
BRF:0
BRH:0
end_of_record
TN:
SF:src/services/auth.service.ts
FN:33,(anonymous_1)
FN:69,(anonymous_2)
FN:104,(anonymous_3)
FN:151,(anonymous_4)
FN:158,(anonymous_5)
FN:194,(anonymous_6)
FN:200,(anonymous_7)
FN:206,(anonymous_8)
FNF:8
FNH:5
FNDA:32,(anonymous_1)
FNDA:3,(anonymous_2)
FNDA:3,(anonymous_3)
FNDA:1,(anonymous_4)
FNDA:33,(anonymous_5)
FNDA:0,(anonymous_6)
FNDA:0,(anonymous_7)
FNDA:0,(anonymous_8)
DA:1,3
DA:2,3
DA:4,3
DA:5,3
DA:6,3
DA:31,3
DA:35,32
DA:39,32
DA:40,1
DA:44,31
DA:47,31
DA:57,31
DA:60,31
DA:62,31
DA:71,3
DA:75,3
DA:76,1
DA:80,2
DA:81,0
DA:85,2
DA:87,2
DA:88,1
DA:92,1
DA:95,1
DA:97,1
DA:105,3
DA:107,3
DA:110,2
DA:115,2
DA:116,1
DA:120,1
DA:122,0
DA:125,0
DA:129,1
DA:130,0
DA:134,1
DA:139,1
DA:141,1
DA:143,2
DA:144,1
DA:146,1
DA:152,1
DA:159,33
DA:166,33
DA:171,33
DA:176,33
DA:177,33
DA:179,33
DA:187,33
DA:196,0
DA:202,0
DA:208,0
DA:212,3
LF:53
LH:46
BRDA:39,0,0,1
BRDA:75,1,0,1
BRDA:80,2,0,0
BRDA:87,3,0,1
BRDA:115,4,0,1
BRDA:120,5,0,0
BRDA:129,6,0,0
BRDA:143,7,0,1
BRF:8
BRH:5
end_of_record
TN:
SF:src/services/deal.service.ts
FN:25,(anonymous_1)
FN:81,(anonymous_2)
FN:93,(anonymous_3)
FN:112,(anonymous_4)
FN:121,(anonymous_5)
FN:127,(anonymous_6)
FN:134,(anonymous_7)
FN:137,(anonymous_8)
FN:144,(anonymous_9)
FN:147,(anonymous_10)
FN:171,(anonymous_11)
FNF:11
FNH:9
FNDA:6,(anonymous_1)
FNDA:2,(anonymous_2)
FNDA:1,(anonymous_3)
FNDA:0,(anonymous_4)
FNDA:0,(anonymous_5)
FNDA:1,(anonymous_6)
FNDA:1,(anonymous_7)
FNDA:1,(anonymous_8)
FNDA:2,(anonymous_9)
FNDA:1,(anonymous_10)
FNDA:1,(anonymous_11)
DA:2,3
DA:3,3
DA:24,3
DA:37,6
DA:39,6
DA:40,6
DA:42,6
DA:45,6
DA:60,6
DA:63,6
DA:70,6
DA:82,2
DA:86,2
DA:87,1
DA:90,1
DA:95,1
DA:96,0
DA:100,0
DA:101,0
DA:105,1
DA:109,1
DA:113,0
DA:118,0
DA:122,0
DA:128,1
DA:134,1
DA:138,1
DA:144,2
DA:148,1
DA:167,1
DA:171,1
DA:179,3
LF:32
LH:26
BRDA:26,0,0,0
BRDA:27,1,0,0
BRDA:28,2,0,0
BRDA:36,3,0,6
BRDA:39,4,0,5
BRDA:39,5,0,5
BRDA:40,6,0,5
BRDA:40,7,0,5
BRDA:47,8,0,6
BRDA:47,8,1,1
BRDA:48,9,0,6
BRDA:48,9,1,1
BRDA:49,10,0,6
BRDA:49,10,1,0
BRDA:50,11,0,6
BRDA:50,11,1,0
BRDA:51,12,0,6
BRDA:51,12,1,1
BRDA:86,13,0,1
BRDA:95,14,0,0
BRDA:100,15,0,0
BRDA:169,16,0,1
BRDA:169,16,1,0
BRDA:170,17,0,1
BRDA:170,17,1,0
BRF:25
BRH:16
end_of_record
TN:
SF:src/services/tmv-engine.ts
FN:135,(anonymous_0)
FN:140,(anonymous_1)
FN:148,(anonymous_2)
FN:152,(anonymous_3)
FN:156,(anonymous_4)
FN:158,(anonymous_5)
FN:165,(anonymous_6)
FN:166,(anonymous_7)
FN:174,(anonymous_8)
FN:175,(anonymous_9)
FN:196,(anonymous_10)
FN:203,(anonymous_11)
FN:216,(anonymous_12)
FN:226,(anonymous_13)
FN:234,(anonymous_14)
FN:271,(anonymous_15)
FN:290,(anonymous_16)
FN:316,(anonymous_17)
FN:320,(anonymous_18)
FN:326,(anonymous_19)
FN:334,(anonymous_20)
FN:338,(anonymous_21)
FN:342,(anonymous_22)
FN:343,(anonymous_23)
FN:355,(anonymous_24)
FN:359,(anonymous_25)
FN:370,(anonymous_26)
FN:395,(anonymous_27)
FN:411,(anonymous_28)
FN:421,(anonymous_29)
FN:453,(anonymous_30)
FN:460,(anonymous_31)
FN:462,(anonymous_32)
FN:483,(anonymous_33)
FN:501,(anonymous_34)
FN:505,(anonymous_35)
FN:524,(anonymous_36)
FN:571,(anonymous_37)
FN:601,(anonymous_38)
FNF:39
FNH:0
FNDA:0,(anonymous_0)
FNDA:0,(anonymous_1)
FNDA:0,(anonymous_2)
FNDA:0,(anonymous_3)
FNDA:0,(anonymous_4)
FNDA:0,(anonymous_5)
FNDA:0,(anonymous_6)
FNDA:0,(anonymous_7)
FNDA:0,(anonymous_8)
FNDA:0,(anonymous_9)
FNDA:0,(anonymous_10)
FNDA:0,(anonymous_11)
FNDA:0,(anonymous_12)
FNDA:0,(anonymous_13)
FNDA:0,(anonymous_14)
FNDA:0,(anonymous_15)
FNDA:0,(anonymous_16)
FNDA:0,(anonymous_17)
FNDA:0,(anonymous_18)
FNDA:0,(anonymous_19)
FNDA:0,(anonymous_20)
FNDA:0,(anonymous_21)
FNDA:0,(anonymous_22)
FNDA:0,(anonymous_23)
FNDA:0,(anonymous_24)
FNDA:0,(anonymous_25)
FNDA:0,(anonymous_26)
FNDA:0,(anonymous_27)
FNDA:0,(anonymous_28)
FNDA:0,(anonymous_29)
FNDA:0,(anonymous_30)
FNDA:0,(anonymous_31)
FNDA:0,(anonymous_32)
FNDA:0,(anonymous_33)
FNDA:0,(anonymous_34)
FNDA:0,(anonymous_35)
FNDA:0,(anonymous_36)
FNDA:0,(anonymous_37)
FNDA:0,(anonymous_38)
DA:68,3
DA:88,3
DA:100,3
DA:108,3
DA:118,3
DA:119,3
DA:120,3
DA:122,3
DA:135,3
DA:136,0
DA:137,0
DA:140,3
DA:141,0
DA:142,0
DA:143,0
DA:145,0
DA:148,3
DA:149,0
DA:152,3
DA:153,0
DA:156,3
DA:157,0
DA:158,0
DA:159,0
DA:161,0
DA:162,0
DA:165,3
DA:166,0
DA:167,0
DA:168,0
DA:169,0
DA:171,0
DA:174,3
DA:175,0
DA:176,0
DA:177,0
DA:179,0
DA:180,0
DA:181,0
DA:182,0
DA:183,0
DA:185,0
DA:188,3
DA:197,0
DA:198,0
DA:199,0
DA:211,0
DA:212,0
DA:214,0
DA:215,0
DA:216,0
DA:217,0
DA:218,0
DA:222,0
DA:223,0
DA:226,0
DA:227,0
DA:228,0
DA:231,0
DA:232,0
DA:233,0
DA:234,0
DA:236,0
DA:237,0
DA:239,0
DA:243,0
DA:244,0
DA:247,0
DA:248,0
DA:250,0
DA:251,0
DA:252,0
DA:253,0
DA:254,0
DA:255,0
DA:256,0
DA:259,0
DA:260,0
DA:261,0
DA:262,0
DA:269,0
DA:270,0
DA:271,0
DA:273,0
DA:291,0
DA:292,0
DA:293,0
DA:295,0
DA:296,0
DA:297,0
DA:299,0
DA:300,0
DA:301,0
DA:303,0
DA:304,0
DA:306,0
DA:307,0
DA:309,0
DA:310,0
DA:313,0
DA:317,0
DA:318,0
DA:320,0
DA:321,0
DA:322,0
DA:323,0
DA:324,0
DA:325,0
DA:326,0
DA:327,0
DA:328,0
DA:330,0
DA:331,0
DA:335,0
DA:336,0
DA:338,0
DA:339,0
DA:340,0
DA:342,0
DA:343,0
DA:344,0
DA:345,0
DA:346,0
DA:347,0
DA:348,0
DA:349,0
DA:352,0
DA:356,0
DA:357,0
DA:359,0
DA:360,0
DA:361,0
DA:362,0
DA:364,0
DA:365,0
DA:367,0
DA:377,0
DA:379,0
DA:380,0
DA:383,0
DA:384,0
DA:385,0
DA:386,0
DA:387,0
DA:388,0
DA:389,0
DA:390,0
DA:391,0
DA:395,0
DA:396,0
DA:397,0
DA:400,0
DA:401,0
DA:404,0
DA:405,0
DA:406,0
DA:407,0
DA:410,0
DA:411,0
DA:412,0
DA:413,0
DA:414,0
DA:418,0
DA:422,0
DA:423,0
DA:425,0
DA:426,0
DA:427,0
DA:428,0
DA:429,0
DA:430,0
DA:432,0
DA:435,0
DA:436,0
DA:437,0
DA:438,0
DA:439,0
DA:440,0
DA:442,0
DA:445,0
DA:448,0
DA:450,0
DA:454,0
DA:455,0
DA:457,0
DA:458,0
DA:459,0
DA:460,0
DA:461,0
DA:463,0
DA:465,0
DA:466,0
DA:468,0
DA:469,0
DA:470,0
DA:471,0
DA:473,0
DA:474,0
DA:475,0
DA:476,0
DA:477,0
DA:478,0
DA:480,0
DA:484,0
DA:502,0
DA:506,0
DA:507,0
DA:508,0
DA:510,0
DA:523,3
DA:537,0
DA:538,0
DA:539,0
DA:540,0
DA:541,0
DA:542,0
DA:543,0
DA:544,0
DA:545,0
DA:546,0
DA:548,0
DA:549,0
DA:550,0
DA:551,0
DA:552,0
DA:553,0
DA:554,0
DA:556,0
DA:570,3
DA:572,0
DA:573,0
DA:575,0
DA:576,0
DA:577,0
DA:578,0
DA:579,0
DA:581,0
DA:582,0
DA:583,0
DA:584,0
DA:585,0
DA:586,0
DA:591,0
DA:597,0
DA:601,3
DA:602,0
DA:603,0
DA:605,0
DA:606,0
DA:607,0
DA:609,0
DA:610,0
DA:612,0
LF:253
LH:19
BRDA:137,0,0,0
BRDA:137,0,1,0
BRDA:142,1,0,0
BRDA:158,2,0,0
BRDA:162,3,0,0
BRDA:162,3,1,0
BRDA:168,4,0,0
BRDA:176,5,0,0
BRDA:182,6,0,0
BRDA:198,7,0,0
BRDA:198,7,1,0
BRDA:205,8,0,0
BRDA:214,9,0,0
BRDA:214,10,0,0
BRDA:214,10,1,0
BRDA:217,11,0,0
BRDA:222,12,0,0
BRDA:227,13,0,0
BRDA:232,14,0,0
BRDA:236,15,0,0
BRDA:236,15,1,0
BRDA:243,16,0,0
BRDA:253,17,0,0
BRDA:269,18,0,0
BRDA:269,18,1,0
BRDA:296,19,0,0
BRDA:300,20,0,0
BRDA:300,21,0,0
BRDA:300,21,1,0
BRDA:303,22,0,0
BRDA:303,23,0,0
BRDA:303,23,1,0
BRDA:306,24,0,0
BRDA:317,25,0,0
BRDA:328,26,0,0
BRDA:328,26,1,0
BRDA:335,27,0,0
BRDA:348,28,0,0
BRDA:356,29,0,0
BRDA:361,30,0,0
BRDA:364,31,0,0
BRDA:379,32,0,0
BRDA:384,33,0,0
BRDA:388,34,0,0
BRDA:396,35,0,0
BRDA:400,36,0,0
BRDA:404,37,0,0
BRDA:404,37,1,0
BRDA:406,38,0,0
BRDA:410,39,0,0
BRDA:412,40,0,0
BRDA:412,40,1,0
BRDA:413,41,0,0
BRDA:422,42,0,0
BRDA:427,43,0,0
BRDA:427,43,1,0
BRDA:429,44,0,0
BRDA:429,44,1,0
BRDA:437,45,0,0
BRDA:437,45,1,0
BRDA:439,46,0,0
BRDA:439,46,1,0
BRDA:454,47,0,0
BRDA:463,48,0,0
BRDA:463,48,1,0
BRDA:465,49,0,0
BRDA:465,50,0,0
BRDA:465,50,1,0
BRDA:470,51,0,0
BRDA:475,52,0,0
BRDA:475,52,1,0
BRDA:477,53,0,0
BRDA:507,54,0,0
BRDA:535,55,0,0
BRDA:536,56,0,0
BRDA:538,57,0,0
BRDA:538,57,1,0
BRDA:543,58,0,0
BRDA:543,58,1,0
BRDA:545,59,0,0
BRDA:545,60,0,0
BRDA:545,60,1,0
BRDA:554,61,0,0
BRDA:554,61,1,0
BRDA:572,62,0,0
BRDA:572,63,0,0
BRDA:572,63,1,0
BRDA:582,64,0,0
BRDA:583,65,0,0
BRDA:583,65,1,0
BRDA:583,66,0,0
BRDA:583,66,1,0
BRDA:585,67,0,0
BRDA:585,68,0,0
BRDA:585,68,1,0
BRDA:602,69,0,0
BRDA:606,70,0,0
BRDA:609,71,0,0
BRF:98
BRH:0
end_of_record
TN:
SF:src/services/tmv.service.ts
FN:36,(anonymous_0)
FN:48,(anonymous_1)
FN:50,(anonymous_2)
FN:51,(anonymous_3)
FN:54,(anonymous_4)
FN:68,(anonymous_5)
FNF:6
FNH:0
FNDA:0,(anonymous_0)
FNDA:0,(anonymous_1)
FNDA:0,(anonymous_2)
FNDA:0,(anonymous_3)
FNDA:0,(anonymous_4)
FNDA:0,(anonymous_5)
DA:1,3
DA:36,3
DA:37,0
DA:38,0
DA:40,0
DA:48,3
DA:49,0
DA:50,0
DA:51,0
DA:54,3
DA:55,0
DA:56,0
DA:58,0
DA:59,0
DA:61,0
DA:62,0
DA:64,0
DA:67,3
DA:69,0
DA:70,0
DA:71,0
DA:72,0
DA:78,0
DA:86,0
DA:87,0
DA:89,0
DA:98,3
LF:27
LH:6
BRDA:37,0,0,0
BRDA:55,1,0,0
BRDA:58,2,0,0
BRDA:61,3,0,0
BRDA:80,4,0,0
BRDA:80,4,1,0
BRDA:82,5,0,0
BRDA:82,5,1,0
BRDA:83,6,0,0
BRDA:83,6,1,0
BRF:10
BRH:0
end_of_record
TN:
SF:src/services/watchlist.service.ts
FN:6,(anonymous_1)
FN:18,(anonymous_2)
FN:53,(anonymous_3)
FN:71,(anonymous_4)
FNF:4
FNH:4
FNDA:2,(anonymous_1)
FNDA:7,(anonymous_2)
FNDA:2,(anonymous_3)
FNDA:1,(anonymous_4)
DA:2,3
DA:3,3
DA:5,3
DA:7,2
DA:15,2
DA:20,7
DA:24,7
DA:25,1
DA:29,6
DA:35,6
DA:36,1
DA:39,5
DA:50,5
DA:54,2
DA:60,2
DA:61,1
DA:64,1
DA:72,1
DA:82,1
DA:86,3
LF:20
LH:20
BRDA:24,0,0,1
BRDA:35,1,0,1
BRDA:60,2,0,1
BRF:3
BRH:3
end_of_record
